<?xml version="1.0" encoding="UTF-8" ?>
<testsuite failures="0" time="6.523" errors="1" skipped="0" tests="1" name="org.cookbook.salesforceoauthConnectorTest">
  <properties>
[...]
</properties>
  <testcase time="6.523" classname="org.cookbook.salesforceoauthConnectorTest" name="testFlow">
    <error message="Could not find connector with name &apos;connector.http.mule.default&apos;" type="org.mule.api.lifecycle.LifecycleException">org.mule.api.lifecycle.LifecycleException: Could not find connector with name &apos;connector.http.mule.default&apos;
	at org.mule.lifecycle.AbstractLifecycleManager.invokePhase(AbstractLifecycleManager.java:156)
	at org.mule.construct.FlowConstructLifecycleManager.fireStartPhase(FlowConstructLifecycleManager.java:95)
	at org.mule.construct.AbstractFlowConstruct.start(AbstractFlowConstruct.java:138)
	at sun.reflect.NativeMethodAccessorImpl.invoke0(Native Method)
	at sun.reflect.NativeMethodAccessorImpl.invoke(NativeMethodAccessorImpl.java:39)
	at sun.reflect.DelegatingMethodAccessorImpl.invoke(DelegatingMethodAccessorImpl.java:25)
	at java.lang.reflect.Method.invoke(Method.java:597)
	at org.mule.lifecycle.phases.DefaultLifecyclePhase.applyLifecycle(DefaultLifecyclePhase.java:225)
	at org.mule.lifecycle.RegistryLifecycleManager$RegistryLifecycleCallback.onTransition(RegistryLifecycleManager.java:276)
	at org.mule.lifecycle.RegistryLifecycleManager.invokePhase(RegistryLifecycleManager.java:155)
	at org.mule.lifecycle.RegistryLifecycleManager.fireLifecycle(RegistryLifecycleManager.java:126)
	at org.mule.registry.AbstractRegistryBroker.fireLifecycle(AbstractRegistryBroker.java:80)
	at org.mule.registry.MuleRegistryHelper.fireLifecycle(MuleRegistryHelper.java:120)
	at org.mule.lifecycle.MuleContextLifecycleManager$MuleContextLifecycleCallback.onTransition(MuleContextLifecycleManager.java:94)
	at org.mule.lifecycle.MuleContextLifecycleManager$MuleContextLifecycleCallback.onTransition(MuleContextLifecycleManager.java:90)
	at org.mule.lifecycle.MuleContextLifecycleManager.invokePhase(MuleContextLifecycleManager.java:72)
	at org.mule.lifecycle.MuleContextLifecycleManager.fireLifecycle(MuleContextLifecycleManager.java:64)
	at org.mule.DefaultMuleContext.start(DefaultMuleContext.java:249)
	at org.mule.tck.AbstractMuleTestCase.setUp(AbstractMuleTestCase.java:467)
	at junit.framework.TestCase.runBare(TestCase.java:132)
	at org.mule.tck.AbstractMuleTestCase.runBare(AbstractMuleTestCase.java:303)
	at junit.framework.TestResult$1.protect(TestResult.java:110)
	at junit.framework.TestResult.runProtected(TestResult.java:128)
	at junit.framework.TestResult.run(TestResult.java:113)
	at junit.framework.TestCase.run(TestCase.java:124)
	at org.mule.tck.AbstractMuleTestCase.run(AbstractMuleTestCase.java:282)
	at junit.framework.TestSuite.runTest(TestSuite.java:243)
	at junit.framework.TestSuite.run(TestSuite.java:238)
	at org.junit.internal.runners.JUnit38ClassRunner.run(JUnit38ClassRunner.java:83)
	at org.apache.maven.surefire.junit4.JUnit4Provider.execute(JUnit4Provider.java:252)
	at org.apache.maven.surefire.junit4.JUnit4Provider.executeTestSet(JUnit4Provider.java:141)
	at org.apache.maven.surefire.junit4.JUnit4Provider.invoke(JUnit4Provider.java:112)
	at sun.reflect.NativeMethodAccessorImpl.invoke0(Native Method)
	at sun.reflect.NativeMethodAccessorImpl.invoke(NativeMethodAccessorImpl.java:39)
	at sun.reflect.DelegatingMethodAccessorImpl.invoke(DelegatingMethodAccessorImpl.java:25)
	at java.lang.reflect.Method.invoke(Method.java:597)
	at org.apache.maven.surefire.util.ReflectionUtils.invokeMethodWithArray(ReflectionUtils.java:189)
	at org.apache.maven.surefire.booter.ProviderFactory$ProviderProxy.invoke(ProviderFactory.java:165)
	at org.apache.maven.surefire.booter.ProviderFactory.invokeProvider(ProviderFactory.java:85)
	at org.apache.maven.surefire.booter.ForkedBooter.runSuitesInProcess(ForkedBooter.java:115)
	at org.apache.maven.surefire.booter.ForkedBooter.main(ForkedBooter.java:75)
Caused by: org.mule.api.DefaultMuleException: Could not find connector with name &apos;connector.http.mule.default&apos;
	at org.cookbook.process.DefaultHttpCallback.createConnector(DefaultHttpCallback.java:313)
	at org.cookbook.process.DefaultHttpCallback.createHttpInboundEndpoint(DefaultHttpCallback.java:321)
	at org.cookbook.process.DefaultHttpCallback.start(DefaultHttpCallback.java:338)
	at org.cookbook.processors.AuthorizeMessageProcessor.start(AuthorizeMessageProcessor.java:118)
	at org.mule.processor.chain.AbstractMessageProcessorChain.start(AbstractMessageProcessorChain.java:90)
	at org.mule.construct.AbstractFlowConstruct.startIfStartable(AbstractFlowConstruct.java:317)
	at org.mule.construct.AbstractPipeline.doStart(AbstractPipeline.java:257)
	at org.mule.construct.AbstractFlowConstruct$2.onTransition(AbstractFlowConstruct.java:143)
	at org.mule.construct.AbstractFlowConstruct$2.onTransition(AbstractFlowConstruct.java:139)
	at org.mule.lifecycle.AbstractLifecycleManager.invokePhase(AbstractLifecycleManager.java:141)
	... 40 more
</error>
    <system-out>
================================================================================
= Testing: testFlow                                                            =
================================================================================
[03-25 12:03:53] ERROR DefaultHttpCallback [main]: Could not find connector with name &apos;connector.http.mule.default&apos;
</system-out>
  </testcase>
</testsuite>